2024-02-29 01:26  No outside Link yet.
Michelle Guan Collectio-Blue Thread Ocean Wave-001-00109-428623130_246150685213178_6850907752608588312_n.jpg
Michelle Guan Collectio-Blue Thread Ocean Wave-002-00111-428625430_246150668546513_7578462040083205839_n.jpg
Michelle Guan Collectio-Blue Thread Ocean Wave-003-00112-428627385_246150895213157_7364743669572598961_n.jpg
Michelle Guan Collectio-Blue Thread Ocean Wave-004-00113-428645358_246149365213310_2012080700497054644_n.jpg
Michelle Guan Collectio-Cherry Bloosom By The River-001-00117-429683476_246883141806599_6688936132149035299_n.jpg
Michelle Guan Collectio-Cherry Bloosom By The River-002-00118-429921833_246883121806601_1708137262453215754_n.jpg
Michelle Guan Collectio-Cherry Bloosom By The River-003-00121-429922402_246883108473269_8201942584698798799_n.jpg
Michelle Guan Collectio-Colorful Peony-001-00086-425775275_236037046224542_2853144003869677752_n.jpg
Michelle Guan Collectio-Colorful Peony-002-00089-425786790_236037396224507_7750670175787649290_n.jpg
Michelle Guan Collectio-Colorful Peony-003-00090-425799022_236037442891169_744723110184632405_n.jpg
Michelle Guan Collectio-Colorful Peony-004-00091-425906527_236037429557837_2308466614568494935_n.jpg
Michelle Guan Collectio-Colorful Peony-005-00092-426279945_236037416224505_8054461777329819654_n.jpg
Michelle Guan Collectio-Fallen Leave With Rain Drop-001-00116-429664020_245403571954556_8883364490414609208_n.jpg
Michelle Guan Collectio-Fallen Leave With Rain Drop-002-00103-428610521_245403548621225_3645878652169096662_n.jpg
Michelle Guan Collectio-Flowery House By The River-001-00070-422944692_229300370231543_4969914272849637522_n.jpg
Michelle Guan Collectio-Flowery House By The River-002-00071-422951781_229300396898207_1494117443932793726_n.jpg
Michelle Guan Collectio-Flowery House By The River-003-00072-422953902_229300360231544_8520123995814909213_n.jpg
Michelle Guan Collectio-Gateway to Glimming Light-001-00098-428358404_240346749126905_4741532546833020355_n.jpg
Michelle Guan Collectio-Gateway to Glimming Light-002-00100-428417000_240346762460237_8943937236838445010_n.jpg
Michelle Guan Collectio-Girl In Colorful Asian Dress-001-00087-425775819_236090656219181_1309891510883089893_n.jpg
Michelle Guan Collectio-Girl In Colorful Asian Dress-002-00093-426284034_236090692885844_3548406372312190295_n.jpg
Michelle Guan Collectio-Girl In Colorful Asian Dress-003-00094-426294448_236090646219182_1602378286694270508_n.jpg
Michelle Guan Collectio-Girl In Colorful Asian Dress-004-00095-426309396_236090699552510_913844397934268297_n.jpg
Michelle Guan Collectio-Girl With White Hat-001-00079-424656158_232462926581954_321654268587808586_n.jpg
Michelle Guan Collectio-Golden Fall In Small Alley-001-00123-429941554_247913571703556_4179085569924750143_n.jpg
Michelle Guan Collectio-Little Pink Flower-001-00001-392871629_246658705162376_4801448229654918242_n.jpg
Michelle Guan Collectio-Little Pink Flower-002-00114-428649421_246658818495698_2001253297380994981_n.jpg
Michelle Guan Collectio-Little Pink Flower-003-00115-428650195_246658741829039_7899158129576843623_n.jpg
Michelle Guan Collectio-Little White Flower-001-00073-423196106_231309343363979_3481716057948753921_n.jpg
Michelle Guan Collectio-Little White Flower-002-00075-423249996_231309336697313_7848526882903474383_n.jpg
Michelle Guan Collectio-Little White Flower-003-00076-423313369_231309310030649_3378437455889776864_n.jpg
Michelle Guan Collectio-Little White Flower-004-00077-423313478_231309300030650_6107694232360975468_n.jpg
Michelle Guan Collectio-Pink Roses-001-00048-420085858_223344440827136_5071388516485839835_n.jpg
Michelle Guan Collectio-Pink Thread Mountain View-001-00104-428613070_245529948608585_381154055476991864_n.jpg
Michelle Guan Collectio-Pink Thread Mountain View-002-00105-428616155_245529995275247_3699282041098975141_n.jpg
Michelle Guan Collectio-Pink Thread Mountain View-003-00106-428616534_245530015275245_488753065731814555_n.jpg
Michelle Guan Collectio-Pink Thread Mountain View-004-00107-428617385_245529975275249_2295769274340057701_n.jpg
Michelle Guan Collectio-Pink Thread Mountain View-005-00108-428618721_245529921941921_7511030557592621514_n.jpg
Michelle Guan Collectio-Pink Thread Mountain View-006-00110-428623162_245529928608587_766931832818337755_n.jpg
Michelle Guan Collectio-Rainy Alley Way-001-00097-428344853_242452095583037_3988540411320900620_n.jpg
Michelle Guan Collectio-Rainy Alley Way-002-00099-428383211_242452135583033_6930095306190737442_n.jpg
Michelle Guan Collectio-Rainy Alley Way-003-00101-428467808_242452125583034_4751989374827021379_n.jpg
Michelle Guan Collectio-Rainy Alley Way-004-00102-428468048_242452105583036_1659217768945018435_n.jpg
Michelle Guan Collectio-Riding A Fish-001-00078-423325647_231499820011598_6561545292822763848_n.jpg
Michelle Guan Collectio-Snowing Little Town-001-00074-423236096_230871140074466_1855315597746382462_n.jpg
Michelle Guan Collectio-Snowy Mountain With Falls-001-00096-426539621_241531225675124_4833814710226110838_n.jpg
Michelle Guan Collectio-Transparent Purple Tulip-001-00119-429922241_247971658364414_9161194050247549750_n.jpg
Michelle Guan Collectio-Transparent Purple Tulip-002-00122-429925209_247971608364419_1434605269069769463_n.jpg
Michelle Guan Collectio-Transparent Purple Tulip-003-00124-429981637_247971651697748_9218753485284450112_n.jpg
Michelle Guan Collectio-White Night In A Little Town-001-00080-425365038_233218213173092_7525914577573984070_n.jpg
Michelle Guan Collectio-White Night In A Little Town-002-00081-425368352_233218283173085_2196338114885650985_n.jpg
Michelle Guan Collectio-White Night In A Little Town-003-00082-425379654_233218219839758_1984113115386299010_n.jpg
Michelle Guan Collectio-White Night In A Little Town-004-00083-425467166_233218293173084_8069250817479815764_n.jpg
Michelle Guan Collectio-White Night In A Little Town-005-00084-425511713_233218256506421_6458433653773340504_n.jpg
Michelle Guan Collectio-White Night In A Little Town-006-00085-425524066_233218246506422_38325035353449126_n.jpg
Michelle Guan Collection-Blind Folded Girl-001-00047-420014225_224165904078323_4904639412067037023_n.jpg
Michelle Guan Collection-Blind Folded Girl-002-00049-420136048_224165787411668_614156329238858835_n.jpg
Michelle Guan Collection-Blind Folded Girl-003-00050-420155409_224165824078331_8692659255058224554_n.jpg
Michelle Guan Collection-Blind Folded Girl-004-00051-420271815_224165924078321_4810162126409351461_n.jpg
Michelle Guan Collection-Boat in Calm Water -001-00030-415747259_212617718566475_3215629724499656956_n.jpg
Michelle Guan Collection-Boat in Calm Water -002-00031-415749732_212617728566474_1060579817007434986_n.jpg
Michelle Guan Collection-Boat in Calm Water -003-00032-415797988_212617755233138_478475014596767460_n.jpg
Michelle Guan Collection-Boat in Calm Water -004-00033-415803198_212617745233139_7446884970098312823_n.jpg
Michelle Guan Collection-Boat in Calm Water -005-00034-415817375_212617781899802_312178949297412330_n.jpg
Michelle Guan Collection-City Lights-001-00006-412444096_206156572545923_7450909216738919063_n.jpg
Michelle Guan Collection-City Lights-002-00007-412547992_206156562545924_6922927079083062504_n.jpg
Michelle Guan Collection-City Lights-003-00008-412554457_206156522545928_6860589673301695513_n.jpg
Michelle Guan Collection-City Lights-004-00010-412587889_206156535879260_5441156478352273705_n.jpg
Michelle Guan Collection-City Lights-005-00014-412613238_206156555879258_2028678357705158319_n.jpg
Michelle Guan Collection-Girl In Black-001-00042-419370392_220769601084620_482614008293757632_n.jpg
Michelle Guan Collection-Girl In Black-002-00043-419413017_220769574417956_22418847540537842_n.jpg
Michelle Guan Collection-Girl In Black-003-00044-419421855_220769534417960_7242660103149178002_n.jpg
Michelle Guan Collection-Girl In Black-004-00045-419724131_220769524417961_2705977173459045251_n.jpg
Michelle Guan Collection-Girl In Black-005-00046-419730920_220769567751290_9127566420052348042_n.jpg
Michelle Guan Collection-Girl in Ruin -001-00025-414598981_209518265543087_5935691807689597735_n.jpg
Michelle Guan Collection-Girl With Black Dress-001-00002-409693539_202118382949742_7670178683933591215_n.jpg
Michelle Guan Collection-Girl With Black Dress-002-00003-409695429_202118232949757_6842892942924574690_n.jpg
Michelle Guan Collection-Girl With Black Dress-003-00004-409703524_202118366283077_4341884063815522092_n.jpg
Michelle Guan Collection-Girl With Black Dress-004-00005-409748114_202118222949758_1228928969440815136_n.jpg
Michelle Guan Collection-Girl With Cats Oil Painting -001-00029-415236333_211244452037135_3786027681693569887_n.jpg
Michelle Guan Collection-Girl with Red Flower-001-00009-412577409_206416059186641_5809951468258137161_n.jpg
Michelle Guan Collection-Girl with Red Flower-002-00011-412602841_206416065853307_5846121712734655211_n.jpg
Michelle Guan Collection-Girl with Red Flower-003-00012-412608178_206416082519972_917531540154488044_n.jpg
Michelle Guan Collection-Girl with Red Flower-004-00013-412612965_206416075853306_4452790592844744736_n.jpg
Michelle Guan Collection-Girl with Red Flower-005-00015-412627372_206416109186636_989103856434768512_n.jpg
Michelle Guan Collection-Graffity Cat-001-00016-412906363_207302495764664_2713094036577127844_n.jpg
Michelle Guan Collection-Graffity Cat-002-00017-412953838_207302465764667_2975531599297682583_n.jpg
Michelle Guan Collection-Graffity Cat-003-00019-412981714_207302459098001_2901746715026684358_n.jpg
Michelle Guan Collection-Into Deep Green-001-00020-413913312_208688908959356_1323594016885946728_n.jpg
Michelle Guan Collection-Into Deep Green-002-00021-413935839_208688848959362_1744870329849333949_n.jpg
Michelle Guan Collection-Into Deep Green-003-00022-413982320_208688855626028_6735842161356468620_n.jpg
Michelle Guan Collection-Into Deep Green-004-00023-414443217_208688878959359_2618674015687078753_n.jpg
Michelle Guan Collection-Into Deep Green-005-00024-414472958_208688872292693_4791474167759005881_n.jpg
Michelle Guan Collection-Maple Leaf With Rain Drops-001-00056-421830778_226472670514313_6073888507920368640_n.jpg
Michelle Guan Collection-Maple Leaf With Rain Drops-002-00057-421889765_226472650514315_1980490569393214636_n.jpg
Michelle Guan Collection-Maple Leaf With Rain Drops-003-00058-421890075_226472677180979_9141561317060036780_n.jpg
Michelle Guan Collection-Maple Leaf With Rain Drops-004-00059-422093490_226472657180981_2148110628461460794_n.jpg
Michelle Guan Collection-Night Back Alley With Rose-001-00063-422346840_228365156991731_2643163876491195877_n.jpg
Michelle Guan Collection-Night Back Alley With Rose-002-00066-422396712_228365176991729_2114797829574048213_n.jpg
Michelle Guan Collection-Night Back Alley With Rose-003-00067-422436103_228365100325070_2103125963711468977_n.jpg
Michelle Guan Collection-Night Back Alley With Rose-004-00068-422905966_228365126991734_3162298408512261258_n.jpg
Michelle Guan Collection-Night Back Alley With Rose-005-00069-422914936_228365086991738_3859002950273719793_n.jpg
Michelle Guan Collection-Seren Wooden Hub By The River-001-00060-422289598_228069903687923_1963250677162210985_n.jpg
Michelle Guan Collection-Seren Wooden Hub By The River-002-00061-422293158_228069810354599_8507589821576595141_n.jpg
Michelle Guan Collection-Seren Wooden Hub By The River-003-00062-422332816_228069793687934_3529201911155368961_n.jpg
Michelle Guan Collection-Seren Wooden Hub By The River-004-00064-422364915_228069833687930_6699658359053314440_n.jpg
Michelle Guan Collection-Seren Wooden Hub By The River-005-00065-422395514_228069883687925_4267404150800858133_n.jpg
Michelle Guan Collection-Village With River-001-00052-420516025_223824884112425_4514740379020470931_n.jpg
Michelle Guan Collection-Village With River-002-00053-420517203_223824894112424_6115647107319015933_n.jpg
Michelle Guan Collection-Village With River-003-00054-420534893_223824864112427_7495407911061432832_n.jpg
Michelle Guan Collection-Village With River-004-00055-420536818_223824867445760_8674072999829913263_n.jpg
Michelle Guan Collection-Water Fall Oil Painting-001-00035-417745966_216709001490680_1612124094666221180_n.jpg
Michelle Guan Collection-Water Fall Oil Painting-002-00036-417774751_216709054824008_1455077078327470126_n.jpg
Michelle Guan Collection-Water Fall Oil Painting-003-00037-417835340_216709041490676_4761969908546040976_n.jpg
Michelle Guan Collection-Water Fall Oil Painting-004-00038-417844055_216709014824012_699048317350804169_n.jpg
Michelle Guan Collection-Water Fall Oil Painting-005-00039-417852770_216709078157339_3780225307645272030_n.jpg
Michelle Guan Collection-Water Fall Oil Painting-006-00040-417921239_216709121490668_2691593858255617707_n.jpg
Michelle Guan Collection-Water Fall Oil Painting-007-00041-418138591_216709091490671_4558217855398436151_n.jpg
